<?xml version="1.0" encoding="UTF-8"?>
<!-- Generated by org.testng.reporters.JUnitReportReporter -->
<testsuite hostname="CS-GAGANDEEP-WS" name="com.test.demo.StudyGroupTest" tests="1" failures="0" timestamp="17 Jun 2016 06:56:37 GMT" time="0.011" errors="0">
  <testcase name="testStudyGroupClass" time="0.011" classname="com.test.demo.StudyGroupTest"/>
</testsuite> <!-- com.test.demo.StudyGroupTest -->
