<?xml version="1.0" encoding="UTF-8"?>
<!-- Generated by org.testng.reporters.JUnitReportReporter -->
<testsuite hostname="CS-GAGANDEEP-WS" name="com.cloudsmartz.demo7.ExpectedExceptionTest" tests="2" failures="0" timestamp="31 May 2016 11:55:22 GMT" time="0.016" errors="0">
  <testcase name="testPrintMessage" time="0.016" classname="com.cloudsmartz.demo7.ExpectedExceptionTest"/>
  <testcase name="testSalutationMessage" time="0.000" classname="com.cloudsmartz.demo7.ExpectedExceptionTest"/>
</testsuite> <!-- com.cloudsmartz.demo7.ExpectedExceptionTest -->
