<?xml version="1.0" encoding="UTF-8"?>
<!-- Generated by org.testng.reporters.JUnitReportReporter -->
<testsuite hostname="CS-GAGANDEEP-WS" name="com.cloudsmartz.grouptestingdemo.demo13.TestSelenium" tests="2" failures="0" timestamp="1 Jun 2016 06:56:54 GMT" time="0.000" errors="0">
  <testcase name="runSelenium1" time="0.000" classname="com.cloudsmartz.grouptestingdemo.demo13.TestSelenium"/>
  <testcase name="runSelenium" time="0.000" classname="com.cloudsmartz.grouptestingdemo.demo13.TestSelenium"/>
</testsuite> <!-- com.cloudsmartz.grouptestingdemo.demo13.TestSelenium -->
