<?xml version="1.0" encoding="UTF-8"?>
<!-- Generated by org.testng.reporters.JUnitReportReporter -->
<testsuite hostname="CS-GAGANDEEP-WS" name="com.cloudsmartz.demo9.ParameterizedTest1" tests="1" failures="0" timestamp="31 May 2016 11:58:02 GMT" time="0.016" errors="0">
  <testcase name="parameterTest" time="0.016" classname="com.cloudsmartz.demo9.ParameterizedTest1"/>
</testsuite> <!-- com.cloudsmartz.demo9.ParameterizedTest1 -->
