<?xml version="1.0" encoding="UTF-8"?>
<!-- Generated by org.testng.reporters.JUnitReportReporter -->
<testsuite hostname="CS-GAGANDEEP-WS" name="com.test.grouptest.TestGroups" tests="5" failures="0" timestamp="6 Jun 2016 13:28:21 GMT" time="0.015" errors="0">
  <testcase name="testGroup1" time="0.000" classname="com.test.grouptest.TestGroups"/>
  <testcase name="go" time="0.015" classname="com.test.grouptest.TestGroups"/>
  <testcase name="simpleTest" time="0.000" classname="com.test.grouptest.TestGroups"/>
  <testcase name="dependingOnGroups" time="0.000" classname="com.test.grouptest.TestGroups"/>
  <testcase name="testGroup" time="0.000" classname="com.test.grouptest.TestGroups"/>
</testsuite> <!-- com.test.grouptest.TestGroups -->
