<?xml version="1.0" encoding="UTF-8"?>
<!-- Generated by org.testng.reporters.JUnitReportReporter -->
<testsuite hostname="CS-GAGANDEEP-WS" name="com.cloudsmartz.demo6.GroupTestExample" tests="1" failures="0" timestamp="31 May 2016 09:15:03 GMT" time="0.016" errors="0">
  <testcase name="testSalutationMessage" time="0.016" classname="com.cloudsmartz.demo6.GroupTestExample"/>
</testsuite> <!-- com.cloudsmartz.demo6.GroupTestExample -->
