<?xml version="1.0" encoding="UTF-8"?>
<!-- Generated by org.testng.reporters.JUnitReportReporter -->
<testsuite hostname="CS-GAGANDEEP-WS" name="com.cloudsmartz.demo5.Test1" tests="1" failures="0" timestamp="31 May 2016 08:48:18 GMT" time="0.009" errors="0">
  <testcase name="PrintMessage" time="0.009" classname="com.cloudsmartz.demo5.Test1"/>
</testsuite> <!-- com.cloudsmartz.demo5.Test1 -->
