<?xml version="1.0" encoding="UTF-8"?>
<!-- Generated by org.testng.reporters.JUnitReportReporter -->
<testsuite hostname="CS-GAGANDEEP-WS" name="com.cloudsmartz.TestEmployeeDetails" tests="2" failures="0" timestamp="31 May 2016 11:30:44 GMT" time="0.017" errors="0">
  <testcase name="testCalculateAppriasal" time="0.017" classname="com.cloudsmartz.TestEmployeeDetails"/>
  <testcase name="testCalculateYearlySalary" time="0.000" classname="com.cloudsmartz.TestEmployeeDetails"/>
</testsuite> <!-- com.cloudsmartz.TestEmployeeDetails -->
