<?xml version="1.0" encoding="UTF-8"?>
<!-- Generated by org.testng.reporters.JUnitReportReporter -->
<testsuite hostname="CS-GAGANDEEP-WS" name="com.cloudsmartz.demo3.TestNGAnnotation" tests="2" failures="0" timestamp="31 May 2016 11:31:27 GMT" time="0.016" errors="0">
  <testcase name="testCase2" time="0.016" classname="com.cloudsmartz.demo3.TestNGAnnotation"/>
  <testcase name="testCase1" time="0.000" classname="com.cloudsmartz.demo3.TestNGAnnotation"/>
</testsuite> <!-- com.cloudsmartz.demo3.TestNGAnnotation -->
