<?xml version="1.0" encoding="UTF-8"?>
<!-- Generated by org.testng.reporters.JUnitReportReporter -->
<testsuite hostname="CS-GAGANDEEP-WS" name="com.cloudsmartz.demo5.Test2" tests="1" failures="0" timestamp="31 May 2016 06:28:09 GMT" time="0.001" errors="0">
  <testcase name="SalutationMessage" time="0.001" classname="com.cloudsmartz.demo5.Test2"/>
</testsuite> <!-- com.cloudsmartz.demo5.Test2 -->
