<?xml version="1.0" encoding="UTF-8"?>
<!-- Generated by org.testng.reporters.JUnitReportReporter -->
<testsuite hostname="CS-GAGANDEEP-WS" name="com.test.grouptest.NewTest" tests="1" failures="0" timestamp="22 Jun 2016 10:17:33 GMT" time="0.002" errors="0">
  <testcase name="test1" time="0.002" classname="com.test.grouptest.NewTest"/>
</testsuite> <!-- com.test.grouptest.NewTest -->
