<?xml version="1.0" encoding="UTF-8"?>
<!-- Generated by org.testng.reporters.JUnitReportReporter -->
<testsuite hostname="CS-GAGANDEEP-WS" name="com.cloudsmartz.demo10.TestJunit" tests="1" failures="0" timestamp="31 May 2016 11:04:37 GMT" time="0.008" errors="0">
  <testcase name="testAdd" time="0.008" classname="com.cloudsmartz.demo10.TestJunit"/>
</testsuite> <!-- com.cloudsmartz.demo10.TestJunit -->
