<?xml version="1.0" encoding="UTF-8"?>
<!-- Generated by org.testng.reporters.JUnitReportReporter -->
<testsuite hostname="CS-GAGANDEEP-WS" name="com.test.prioritytest.TestPriority" tests="2" failures="0" timestamp="6 Jun 2016 10:56:38 GMT" time="0.016" errors="0">
  <testcase name="ready" time="0.016" classname="com.test.prioritytest.TestPriority"/>
  <testcase name="go" time="0.000" classname="com.test.prioritytest.TestPriority"/>
</testsuite> <!-- com.test.prioritytest.TestPriority -->
