<?xml version="1.0" encoding="UTF-8"?>
<!-- Generated by org.testng.reporters.JUnitReportReporter -->
<testsuite hostname="CS-GAGANDEEP-WS" name="com.cloudsmartz.demo9.ParamTestWithDataProvider2" tests="1" failures="0" timestamp="31 May 2016 10:51:53 GMT" time="0.000" errors="0">
  <testcase name="testMethod" time="0.000" classname="com.cloudsmartz.demo9.ParamTestWithDataProvider2"/>
</testsuite> <!-- com.cloudsmartz.demo9.ParamTestWithDataProvider2 -->
