<?xml version="1.0" encoding="UTF-8"?>
<!-- Generated by org.testng.reporters.JUnitReportReporter -->
<testsuite hostname="CS-GAGANDEEP-WS" name="com.cloudsmartz.demo8.DependencyTestOnGroups" tests="4" failures="0" timestamp="31 May 2016 09:43:18 GMT" time="0.014" errors="0">
  <testcase name="checkTest" time="0.008" classname="com.cloudsmartz.demo8.DependencyTestOnGroups"/>
  <testcase name="initEnvironmentTest" time="0.001" classname="com.cloudsmartz.demo8.DependencyTestOnGroups"/>
  <testcase name="testPrintMessage" time="0.004" classname="com.cloudsmartz.demo8.DependencyTestOnGroups"/>
  <testcase name="testSalutationMessage" time="0.001" classname="com.cloudsmartz.demo8.DependencyTestOnGroups"/>
</testsuite> <!-- com.cloudsmartz.demo8.DependencyTestOnGroups -->
