<?xml version="1.0" encoding="UTF-8"?>
<!-- Generated by org.testng.reporters.JUnitReportReporter -->
<testsuite hostname="CS-GAGANDEEP-WS" name="com.test.grouptest.NewTest2" tests="1" failures="0" timestamp="22 Jun 2016 10:18:59 GMT" time="0.009" errors="0">
  <testcase name="test2" time="0.009" classname="com.test.grouptest.NewTest2"/>
</testsuite> <!-- com.test.grouptest.NewTest2 -->
