<?xml version="1.0" encoding="UTF-8"?>
<!-- Generated by org.testng.reporters.JUnitReportReporter -->
<testsuite hostname="CS-GAGANDEEP-WS" name="com.test.groupsonmethods.TestGroup" tests="5" failures="0" timestamp="6 Jun 2016 10:36:17 GMT" time="0.012" errors="0">
  <testcase name="runSelenium1" time="0.002" classname="com.test.groupsonmethods.TestGroup"/>
  <testcase name="testConnectOracle" time="0.001" classname="com.test.groupsonmethods.TestGroup"/>
  <testcase name="testConnectMsSQL" time="0.000" classname="com.test.groupsonmethods.TestGroup"/>
  <testcase name="runFinal" time="0.001" classname="com.test.groupsonmethods.TestGroup"/>
  <testcase name="runSelenium" time="0.008" classname="com.test.groupsonmethods.TestGroup"/>
</testsuite> <!-- com.test.groupsonmethods.TestGroup -->
