<?xml version="1.0" encoding="UTF-8"?>
<!-- Generated by org.testng.reporters.JUnitReportReporter -->
<testsuite hostname="CS-GAGANDEEP-WS" name="com.cloudsmartz.demo4.SampleTest" tests="1" failures="0" timestamp="31 May 2016 06:23:13 GMT" time="0.000" errors="0">
  <testcase name="testPrintMessage" time="0.000" classname="com.cloudsmartz.demo4.SampleTest"/>
</testsuite> <!-- com.cloudsmartz.demo4.SampleTest -->
