<?xml version="1.0" encoding="UTF-8"?>
<!-- Generated by org.testng.reporters.JUnitReportReporter -->
<testsuite hostname="CS-GAGANDEEP-WS" name="com.test.beforeandaftermethod.TestMethods" tests="2" failures="0" timestamp="6 Jun 2016 11:15:15 GMT" time="0.016" errors="0">
  <testcase name="test" time="0.000" classname="com.test.beforeandaftermethod.TestMethods"/>
  <testcase name="test1" time="0.016" classname="com.test.beforeandaftermethod.TestMethods"/>
</testsuite> <!-- com.test.beforeandaftermethod.TestMethods -->
