<?xml version="1.0" encoding="UTF-8"?>
<!-- Generated by org.testng.reporters.JUnitReportReporter -->
<testsuite hostname="CS-GAGANDEEP-WS" name="com.cloudsmartz.test.pen.TestTest" tests="1" failures="0" timestamp="1 Jun 2016 10:46:34 GMT" time="0.344" errors="0">
  <testcase name="checkPostTokenRequest" time="0.344" classname="com.cloudsmartz.test.pen.TestTest"/>
</testsuite> <!-- com.cloudsmartz.test.pen.TestTest -->
