<?xml version="1.0" encoding="UTF-8"?>
<!-- Generated by org.testng.reporters.JUnitReportReporter -->
<testsuite hostname="CS-GAGANDEEP-WS" name="com.cloudsmartz.demo8.DependencyTestUsingAnnotation" tests="3" failures="0" timestamp="31 May 2016 09:38:47 GMT" time="0.011" errors="0">
  <testcase name="initEnvironmentTest" time="0.008" classname="com.cloudsmartz.demo8.DependencyTestUsingAnnotation"/>
  <testcase name="testSalutationMessage" time="0.001" classname="com.cloudsmartz.demo8.DependencyTestUsingAnnotation"/>
  <testcase name="testPrintMessage" time="0.002" classname="com.cloudsmartz.demo8.DependencyTestUsingAnnotation"/>
</testsuite> <!-- com.cloudsmartz.demo8.DependencyTestUsingAnnotation -->
