<?xml version="1.0" encoding="UTF-8"?>
<!-- Generated by org.testng.reporters.JUnitReportReporter -->
<testsuite hostname="CS-GAGANDEEP-WS" name="com.test.beforeandaftertest.BeforeAfterTest" tests="5" failures="0" timestamp="6 Jun 2016 11:03:48 GMT" time="0.000" errors="0">
  <testcase name="loadTest3" time="0.000" classname="com.test.beforeandaftertest.BeforeAfterTest"/>
  <testcase name="loadTest4" time="0.000" classname="com.test.beforeandaftertest.BeforeAfterTest"/>
  <testcase name="loadTest2" time="0.000" classname="com.test.beforeandaftertest.BeforeAfterTest"/>
  <testcase name="loadTest1" time="0.000" classname="com.test.beforeandaftertest.BeforeAfterTest"/>
  <testcase name="loadTest" time="0.000" classname="com.test.beforeandaftertest.BeforeAfterTest"/>
</testsuite> <!-- com.test.beforeandaftertest.BeforeAfterTest -->
