<?xml version="1.0" encoding="UTF-8"?>
<!-- Generated by org.testng.reporters.JUnitReportReporter -->
<testsuite hostname="CS-GAGANDEEP-WS" name="com.cloudsmartz.TestNGSimpleTest" tests="1" failures="0" timestamp="31 May 2016 11:29:28 GMT" time="0.016" errors="0">
  <testcase name="testAdd" time="0.016" classname="com.cloudsmartz.TestNGSimpleTest"/>
</testsuite> <!-- com.cloudsmartz.TestNGSimpleTest -->
