<?xml version="1.0" encoding="UTF-8"?>
<!-- Generated by org.testng.reporters.JUnitXMLReporter -->
<testsuite hostname="CS-GAGANDEEP-WS" name="JUnitTests" tests="1" failures="0" timestamp="31 May 2016 11:04:36 GMT" time="0.046" errors="0">
  <testcase name="testAdd on testAdd(com.cloudsmartz.demo10.TestJunit)" time="0.008" classname="com.cloudsmartz.demo10.TestJunit"/>
</testsuite> <!-- JUnitTests -->
